2018-11-19 16:13:10.610  INFO 9020 --- [restartedMain] c.spider.spiderPTT.SpiderPttApplication  : Starting SpiderPttApplication on PC-1708-32 with PID 9020 (C:\Users\IV003Sirenia\eclipse-workspace\redPacketJob\spiderPTT\target\classes started by iv003sirenia in C:\Users\IV003Sirenia\eclipse-workspace\redPacketJob\spiderPTT)
2018-11-19 16:13:10.618  INFO 9020 --- [restartedMain] c.spider.spiderPTT.SpiderPttApplication  : No active profile set, falling back to default profiles: default
2018-11-19 16:13:10.709  INFO 9020 --- [restartedMain] ConfigServletWebServerApplicationContext : Refreshing org.springframework.boot.web.servlet.context.AnnotationConfigServletWebServerApplicationContext@70e7516d: startup date [Mon Nov 19 16:13:10 CST 2018]; root of context hierarchy
2018-11-19 16:13:11.983  WARN 9020 --- [restartedMain] o.m.s.mapper.ClassPathMapperScanner      : No MyBatis mapper was found in '[com.spider.spiderPTT.dao]' package. Please check your configuration.
2018-11-19 16:13:12.184  WARN 9020 --- [restartedMain] o.m.s.mapper.ClassPathMapperScanner      : No MyBatis mapper was found in '[com.spider.spiderPTT.config, com.spider.spiderPTT]' package. Please check your configuration.
2018-11-19 16:13:13.472  INFO 9020 --- [restartedMain] o.s.b.w.embedded.tomcat.TomcatWebServer  : Tomcat initialized with port(s): 8091 (http)
2018-11-19 16:13:13.499  INFO 9020 --- [restartedMain] o.apache.catalina.core.StandardService   : Starting service [Tomcat]
2018-11-19 16:13:13.499  INFO 9020 --- [restartedMain] org.apache.catalina.core.StandardEngine  : Starting Servlet Engine: Apache Tomcat/8.5.31
2018-11-19 16:13:13.510  INFO 9020 --- [localhost-startStop-1] o.a.catalina.core.AprLifecycleListener   : The APR based Apache Tomcat Native library which allows optimal performance in production environments was not found on the java.library.path: [C:\Program Files\Java\jdk1.8.0_161\bin;C:\windows\Sun\Java\bin;C:\windows\system32;C:\windows;C:/Program Files/Java/jre1.8.0_161/bin/server;C:/Program Files/Java/jre1.8.0_161/bin;C:/Program Files/Java/jre1.8.0_161/lib/amd64;C:\Program Files (x86)\Common Files\NetSarang;C:\ProgramData\Oracle\Java\javapath;C:\windows\system32;C:\windows;C:\windows\System32\Wbem;C:\windows\System32\WindowsPowerShell\v1.0\;C:\Program Files (x86)\Common Files\Lenovo;C:\SWTOOLS\ReadyApps;C:\Program Files (x86)\Sennheiser\SoftphoneSDK\;C:\Program Files\Java\jdk1.8.0_161\bin;C:\Program Files\TortoiseGit\bin;C:\Program Files\Git\cmd;C:\Program Files\apache-maven-3.2.5\bin;C:\Program Files\erl9.3\bin;C:\Go\bin;C:\Program Files\Microsoft VS Code\bin;;C:\Program Files\Microsoft VS Code\bin;C:\Users\IV003Sirenia\Desktop\eclipse;;.]
2018-11-19 16:13:13.635  INFO 9020 --- [localhost-startStop-1] o.a.c.c.C.[Tomcat].[localhost].[/]       : Initializing Spring embedded WebApplicationContext
2018-11-19 16:13:13.636  INFO 9020 --- [localhost-startStop-1] o.s.web.context.ContextLoader            : Root WebApplicationContext: initialization completed in 2928 ms
2018-11-19 16:13:13.821  INFO 9020 --- [localhost-startStop-1] o.s.b.w.servlet.ServletRegistrationBean  : Servlet dispatcherServlet mapped to [/]
2018-11-19 16:13:13.827  INFO 9020 --- [localhost-startStop-1] o.s.b.w.servlet.FilterRegistrationBean   : Mapping filter: 'characterEncodingFilter' to: [/*]
2018-11-19 16:13:13.827  INFO 9020 --- [localhost-startStop-1] o.s.b.w.servlet.FilterRegistrationBean   : Mapping filter: 'hiddenHttpMethodFilter' to: [/*]
2018-11-19 16:13:13.828  INFO 9020 --- [localhost-startStop-1] o.s.b.w.servlet.FilterRegistrationBean   : Mapping filter: 'httpPutFormContentFilter' to: [/*]
2018-11-19 16:13:13.828  INFO 9020 --- [localhost-startStop-1] o.s.b.w.servlet.FilterRegistrationBean   : Mapping filter: 'requestContextFilter' to: [/*]
2018-11-19 16:13:14.837  INFO 9020 --- [restartedMain] o.s.w.s.handler.SimpleUrlHandlerMapping  : Mapped URL path [/**/favicon.ico] onto handler of type [class org.springframework.web.servlet.resource.ResourceHttpRequestHandler]
2018-11-19 16:13:15.057  INFO 9020 --- [restartedMain] s.w.s.m.m.a.RequestMappingHandlerAdapter : Looking for @ControllerAdvice: org.springframework.boot.web.servlet.context.AnnotationConfigServletWebServerApplicationContext@70e7516d: startup date [Mon Nov 19 16:13:10 CST 2018]; root of context hierarchy
2018-11-19 16:13:15.180  INFO 9020 --- [restartedMain] s.w.s.m.m.a.RequestMappingHandlerMapping : Mapped "{[/spider/spiderPttMacShop]}" onto public java.lang.String com.spider.spiderPTT.controller.SpiderController.spiderPttMacShop(java.lang.String)
2018-11-19 16:13:15.184  INFO 9020 --- [restartedMain] s.w.s.m.m.a.RequestMappingHandlerMapping : Mapped "{[/error]}" onto public org.springframework.http.ResponseEntity<java.util.Map<java.lang.String, java.lang.Object>> org.springframework.boot.autoconfigure.web.servlet.error.BasicErrorController.error(javax.servlet.http.HttpServletRequest)
2018-11-19 16:13:15.185  INFO 9020 --- [restartedMain] s.w.s.m.m.a.RequestMappingHandlerMapping : Mapped "{[/error],produces=[text/html]}" onto public org.springframework.web.servlet.ModelAndView org.springframework.boot.autoconfigure.web.servlet.error.BasicErrorController.errorHtml(javax.servlet.http.HttpServletRequest,javax.servlet.http.HttpServletResponse)
2018-11-19 16:13:15.230  INFO 9020 --- [restartedMain] o.s.w.s.handler.SimpleUrlHandlerMapping  : Mapped URL path [/webjars/**] onto handler of type [class org.springframework.web.servlet.resource.ResourceHttpRequestHandler]
2018-11-19 16:13:15.231  INFO 9020 --- [restartedMain] o.s.w.s.handler.SimpleUrlHandlerMapping  : Mapped URL path [/**] onto handler of type [class org.springframework.web.servlet.resource.ResourceHttpRequestHandler]
2018-11-19 16:13:15.907  INFO 9020 --- [restartedMain] o.s.b.d.a.OptionalLiveReloadServer       : LiveReload server is running on port 35729
2018-11-19 16:13:15.937  INFO 9020 --- [restartedMain] o.s.j.e.a.AnnotationMBeanExporter        : Registering beans for JMX exposure on startup
2018-11-19 16:13:15.943  INFO 9020 --- [restartedMain] o.s.j.e.a.AnnotationMBeanExporter        : Bean with name 'dataSource' has been autodetected for JMX exposure
2018-11-19 16:13:15.952  INFO 9020 --- [restartedMain] o.s.j.e.a.AnnotationMBeanExporter        : Located MBean 'dataSource': registering with JMX server as MBean [com.alibaba.druid.pool:name=dataSource,type=DruidDataSource]
2018-11-19 16:13:16.032  INFO 9020 --- [restartedMain] o.s.b.w.embedded.tomcat.TomcatWebServer  : Tomcat started on port(s): 8091 (http) with context path ''
2018-11-19 16:13:16.036  INFO 9020 --- [restartedMain] c.spider.spiderPTT.SpiderPttApplication  : Started SpiderPttApplication in 6.019 seconds (JVM running for 7.365)
2018-11-19 16:13:32.945  INFO 9020 --- [http-nio-8091-exec-3] o.a.c.c.C.[Tomcat].[localhost].[/]       : Initializing Spring FrameworkServlet 'dispatcherServlet'
2018-11-19 16:13:32.946  INFO 9020 --- [http-nio-8091-exec-3] o.s.web.servlet.DispatcherServlet        : FrameworkServlet 'dispatcherServlet': initialization started
2018-11-19 16:13:32.978  INFO 9020 --- [http-nio-8091-exec-3] o.s.web.servlet.DispatcherServlet        : FrameworkServlet 'dispatcherServlet': initialization completed in 32 ms
